[0m17:24:16.727280 [debug] [MainThread]: Sending event: {'category': 'dbt', 'action': 'invocation', 'label': 'start', 'context': [<snowplow_tracker.self_describing_json.SelfDescribingJson object at 0x000002731F466210>, <snowplow_tracker.self_describing_json.SelfDescribingJson object at 0x000002731F45FF50>, <snowplow_tracker.self_describing_json.SelfDescribingJson object at 0x000002731F465F50>]}


============================== 17:24:16.742904 | 1384c38d-4ee3-454d-b2a6-a660755be1c8 ==============================
[0m17:24:16.742904 [info ] [MainThread]: Running with dbt=1.8.7
[0m17:24:16.742904 [debug] [MainThread]: running dbt with arguments {'printer_width': '80', 'indirect_selection': 'eager', 'log_cache_events': 'False', 'write_json': 'True', 'partial_parse': 'True', 'cache_selected_only': 'False', 'profiles_dir': 'C:\\Users\\adity\\.dbt', 'fail_fast': 'False', 'version_check': 'True', 'log_path': 'logs', 'debug': 'False', 'warn_error': 'None', 'use_colors': 'True', 'use_experimental_parser': 'False', 'empty': 'None', 'quiet': 'False', 'no_print': 'None', 'warn_error_options': 'WarnErrorOptions(include=[], exclude=[])', 'static_parser': 'True', 'introspect': 'True', 'invocation_command': 'dbt init', 'target_path': 'None', 'log_format': 'default', 'send_anonymous_usage_stats': 'True'}
[0m17:24:27.727291 [debug] [MainThread]: Starter project path: C:\Users\adity\Desktop\ML_endtoend\venv\Lib\site-packages\dbt\include\starter_project
[0m17:24:27.774160 [info ] [MainThread]: 
Your new dbt project "air_quality_transform" was created!

For more information on how to configure the profiles.yml file,
please consult the dbt documentation here:

  https://docs.getdbt.com/docs/configure-your-profile

One more thing:

Need help? Don't hesitate to reach out to us via GitHub issues or on Slack:

  https://community.getdbt.com/

Happy modeling!

[0m17:24:27.774160 [info ] [MainThread]: Setting up your profile.
[0m17:25:46.435837 [info ] [MainThread]: Profile air_quality_transform written to C:\Users\adity\.dbt\profiles.yml using target's profile_template.yml and your supplied values. Run 'dbt debug' to validate the connection.
[0m17:25:46.435837 [debug] [MainThread]: Command `dbt init` succeeded at 17:25:46.435837 after 89.91 seconds
[0m17:25:46.435837 [debug] [MainThread]: Sending event: {'category': 'dbt', 'action': 'invocation', 'label': 'end', 'context': [<snowplow_tracker.self_describing_json.SelfDescribingJson object at 0x000002731F4AFE90>, <snowplow_tracker.self_describing_json.SelfDescribingJson object at 0x0000027318BD3E10>, <snowplow_tracker.self_describing_json.SelfDescribingJson object at 0x000002731F4E7D90>]}
[0m17:25:46.435837 [debug] [MainThread]: Flushing usage events
[0m17:25:55.107720 [debug] [MainThread]: Sending event: {'category': 'dbt', 'action': 'invocation', 'label': 'start', 'context': [<snowplow_tracker.self_describing_json.SelfDescribingJson object at 0x00000208B04B0410>, <snowplow_tracker.self_describing_json.SelfDescribingJson object at 0x00000208B04B0510>, <snowplow_tracker.self_describing_json.SelfDescribingJson object at 0x00000208B04B2AD0>]}


============================== 17:25:55.123350 | 25272200-5107-461e-9c63-c77551b3c265 ==============================
[0m17:25:55.123350 [info ] [MainThread]: Running with dbt=1.8.7
[0m17:25:55.123350 [debug] [MainThread]: running dbt with arguments {'printer_width': '80', 'indirect_selection': 'eager', 'write_json': 'True', 'log_cache_events': 'False', 'partial_parse': 'True', 'cache_selected_only': 'False', 'warn_error': 'None', 'fail_fast': 'False', 'version_check': 'True', 'log_path': 'logs', 'debug': 'False', 'profiles_dir': 'C:\\Users\\adity\\.dbt', 'use_colors': 'True', 'use_experimental_parser': 'False', 'empty': 'None', 'quiet': 'False', 'no_print': 'None', 'log_format': 'default', 'introspect': 'True', 'invocation_command': 'dbt debug', 'static_parser': 'True', 'target_path': 'None', 'warn_error_options': 'WarnErrorOptions(include=[], exclude=[])', 'send_anonymous_usage_stats': 'True'}
[0m17:25:55.154601 [info ] [MainThread]: dbt version: 1.8.7
[0m17:25:55.154601 [info ] [MainThread]: python version: 3.11.1
[0m17:25:55.154601 [info ] [MainThread]: python path: C:\Users\adity\Desktop\ML_endtoend\venv\Scripts\python.exe
[0m17:25:55.170250 [info ] [MainThread]: os info: Windows-10-10.0.19045-SP0
[0m17:25:55.279598 [info ] [MainThread]: Error importing adapter: No module named 'dbt.adapters.snowflake'
[0m17:25:55.279598 [info ] [MainThread]: Error importing adapter: No module named 'dbt.adapters.bigquery'
[0m17:25:55.279598 [info ] [MainThread]: Using profiles dir at C:\Users\adity\.dbt
[0m17:25:55.295217 [info ] [MainThread]: Using profiles.yml file at C:\Users\adity\.dbt\profiles.yml
[0m17:25:55.295217 [info ] [MainThread]: Using dbt_project.yml file at C:\Users\adity\Desktop\Air_quality\project\dbt_project.yml
[0m17:25:55.295217 [info ] [MainThread]: Configuration:
[0m17:25:55.295217 [info ] [MainThread]:   profiles.yml file [[31mERROR invalid[0m]
[0m17:25:55.295217 [info ] [MainThread]:   dbt_project.yml file [[31mERROR not found[0m]
[0m17:25:55.295217 [info ] [MainThread]: Required dependencies:
[0m17:25:55.295217 [debug] [MainThread]: Executing "git --help"
[0m17:25:55.420215 [debug] [MainThread]: STDOUT: "b"usage: git [-v | --version] [-h | --help] [-C <path>] [-c <name>=<value>]\n           [--exec-path[=<path>]] [--html-path] [--man-path] [--info-path]\n           [-p | --paginate | -P | --no-pager] [--no-replace-objects] [--no-lazy-fetch]\n           [--no-optional-locks] [--no-advice] [--bare] [--git-dir=<path>]\n           [--work-tree=<path>] [--namespace=<name>] [--config-env=<name>=<envvar>]\n           <command> [<args>]\n\nThese are common Git commands used in various situations:\n\nstart a working area (see also: git help tutorial)\n   clone     Clone a repository into a new directory\n   init      Create an empty Git repository or reinitialize an existing one\n\nwork on the current change (see also: git help everyday)\n   add       Add file contents to the index\n   mv        Move or rename a file, a directory, or a symlink\n   restore   Restore working tree files\n   rm        Remove files from the working tree and from the index\n\nexamine the history and state (see also: git help revisions)\n   bisect    Use binary search to find the commit that introduced a bug\n   diff      Show changes between commits, commit and working tree, etc\n   grep      Print lines matching a pattern\n   log       Show commit logs\n   show      Show various types of objects\n   status    Show the working tree status\n\ngrow, mark and tweak your common history\n   branch    List, create, or delete branches\n   commit    Record changes to the repository\n   merge     Join two or more development histories together\n   rebase    Reapply commits on top of another base tip\n   reset     Reset current HEAD to the specified state\n   switch    Switch branches\n   tag       Create, list, delete or verify a tag object signed with GPG\n\ncollaborate (see also: git help workflows)\n   fetch     Download objects and refs from another repository\n   pull      Fetch from and integrate with another repository or a local branch\n   push      Update remote refs along with associated objects\n\n'git help -a' and 'git help -g' list available subcommands and some\nconcept guides. See 'git help <command>' or 'git help <concept>'\nto read about a specific subcommand or concept.\nSee 'git help git' for an overview of the system.\n""
[0m17:25:55.420215 [debug] [MainThread]: STDERR: "b''"
[0m17:25:55.420215 [info ] [MainThread]:  - git [[32mOK found[0m]

[0m17:25:55.420215 [info ] [MainThread]: Connection test skipped since no profile was found
[0m17:25:55.420215 [info ] [MainThread]: [31m2 checks failed:[0m
[0m17:25:55.420215 [info ] [MainThread]: Could not load dbt_project.yml
Profile loading failed for the following reason:
Runtime Error
  Credentials in profile "dbtlearn", target "dev" invalid: Runtime Error
    Could not find adapter type snowflake!

Runtime Error
  Credentials in profile "lessons", target "dev" invalid: Runtime Error
    Could not find adapter type bigquery!


[0m17:25:55.420215 [info ] [MainThread]: Project loading failed for the following reason:
 project path <C:\Users\adity\Desktop\Air_quality\project\dbt_project.yml> not found

[0m17:25:55.420215 [debug] [MainThread]: Command `dbt debug` failed at 17:25:55.420215 after 0.51 seconds
[0m17:25:55.420215 [debug] [MainThread]: Sending event: {'category': 'dbt', 'action': 'invocation', 'label': 'end', 'context': [<snowplow_tracker.self_describing_json.SelfDescribingJson object at 0x00000208A9C63E10>, <snowplow_tracker.self_describing_json.SelfDescribingJson object at 0x00000208A9EB1AD0>, <snowplow_tracker.self_describing_json.SelfDescribingJson object at 0x00000208A9EB1710>]}
[0m17:25:55.435836 [debug] [MainThread]: Flushing usage events
